c:\users\schwarztoter\source\repos\assaultcube-practice\build\intermediates\vc143.pdb
c:\users\schwarztoter\source\repos\assaultcube-practice\build\intermediates\dllmain.obj
c:\users\schwarztoter\source\repos\assaultcube-practice\build\intermediates\nodamage.obj
c:\users\schwarztoter\source\repos\assaultcube-practice\build\intermediates\aimbot.obj
c:\users\schwarztoter\source\repos\assaultcube-practice\build\intermediates\vc143.idb
c:\users\schwarztoter\source\repos\assaultcube-practice\build\intermediates\math.obj
c:\users\schwarztoter\source\repos\assaultcube-practice\build\intermediates\classes.obj
c:\users\schwarztoter\source\repos\assaultcube-practice\build\intermediates\imgui_widgets.obj
c:\users\schwarztoter\source\repos\assaultcube-practice\build\intermediates\imgui_tables.obj
c:\users\schwarztoter\source\repos\assaultcube-practice\build\intermediates\imgui_impl_win32.obj
c:\users\schwarztoter\source\repos\assaultcube-practice\build\intermediates\imgui_impl_opengl2.obj
c:\users\schwarztoter\source\repos\assaultcube-practice\build\intermediates\imgui_draw.obj
c:\users\schwarztoter\source\repos\assaultcube-practice\build\intermediates\imgui_demo.obj
c:\users\schwarztoter\source\repos\assaultcube-practice\build\intermediates\imgui.obj
c:\users\schwarztoter\source\repos\assaultcube-practice\build\assaultcube-practice.dll
c:\users\schwarztoter\source\repos\assaultcube-practice\build\assaultcube-practice.pdb
c:\users\schwarztoter\source\repos\assaultcube-practice\build\intermediates\assaultcube-practice.ilk
c:\users\schwarztoter\source\repos\assaultcube-practice\build\intermediates\constants.obj
c:\users\schwarztoter\source\repos\assaultcube-practice\build\intermediates\assaultcube-practice.ipdb
c:\users\schwarztoter\source\repos\assaultcube-practice\build\intermediates\assaultcube-practice.iobj
c:\users\schwarztoter\source\repos\assaultcube-practice\build\intermediates\assaultcube-practice.vcxproj.filelistabsolute.txt
c:\users\schwarztoter\source\repos\assaultcube-practice\build\intermediates\assaultc.9edeb3e7.tlog\cl.command.1.tlog
c:\users\schwarztoter\source\repos\assaultcube-practice\build\intermediates\assaultc.9edeb3e7.tlog\cl.items.tlog
c:\users\schwarztoter\source\repos\assaultcube-practice\build\intermediates\assaultc.9edeb3e7.tlog\cl.read.1.tlog
c:\users\schwarztoter\source\repos\assaultcube-practice\build\intermediates\assaultc.9edeb3e7.tlog\cl.write.1.tlog
c:\users\schwarztoter\source\repos\assaultcube-practice\build\intermediates\assaultc.9edeb3e7.tlog\link.16936-cvtres.read.1.tlog
c:\users\schwarztoter\source\repos\assaultcube-practice\build\intermediates\assaultc.9edeb3e7.tlog\link.16936-cvtres.write.1.tlog
c:\users\schwarztoter\source\repos\assaultcube-practice\build\intermediates\assaultc.9edeb3e7.tlog\link.16936-rc.read.1.tlog
c:\users\schwarztoter\source\repos\assaultcube-practice\build\intermediates\assaultc.9edeb3e7.tlog\link.16936-rc.write.1.tlog
c:\users\schwarztoter\source\repos\assaultcube-practice\build\intermediates\assaultc.9edeb3e7.tlog\link.16936.read.1.tlog
c:\users\schwarztoter\source\repos\assaultcube-practice\build\intermediates\assaultc.9edeb3e7.tlog\link.16936.write.1.tlog
c:\users\schwarztoter\source\repos\assaultcube-practice\build\intermediates\assaultc.9edeb3e7.tlog\link.command.1.tlog
c:\users\schwarztoter\source\repos\assaultcube-practice\build\intermediates\assaultc.9edeb3e7.tlog\link.read.1.tlog
c:\users\schwarztoter\source\repos\assaultcube-practice\build\intermediates\assaultc.9edeb3e7.tlog\link.secondary.1.tlog
c:\users\schwarztoter\source\repos\assaultcube-practice\build\intermediates\assaultc.9edeb3e7.tlog\link.write.1.tlog
